[debug] [2022-01-28T08:09:40.389Z] ----------------------------------------------------------------------
[debug] [2022-01-28T08:09:40.392Z] Command:       C:\Program Files\nodejs\node.exe C:\Program Files\nodejs\node_modules\firebase-tools\lib\bin\firebase.js deploy
[debug] [2022-01-28T08:09:40.393Z] CLI Version:   10.1.2
[debug] [2022-01-28T08:09:40.393Z] Platform:      win32
[debug] [2022-01-28T08:09:40.393Z] Node Version:  v14.18.2
[debug] [2022-01-28T08:09:40.394Z] Time:          Fri Jan 28 2022 00:09:40 GMT-0800 (Pacific Standard Time)
[debug] [2022-01-28T08:09:40.394Z] ----------------------------------------------------------------------
[debug] 
[debug] [2022-01-28T08:09:40.476Z] > command requires scopes: ["email","openid","https://www.googleapis.com/auth/cloudplatformprojects.readonly","https://www.googleapis.com/auth/firebase","https://www.googleapis.com/auth/cloud-platform"]
[debug] [2022-01-28T08:09:40.476Z] > authorizing via signed-in user (paulmartin.pm1125@gmail.com)
[debug] [2022-01-28T08:09:40.476Z] [iam] checking project react-firebase-60cd7 for permissions ["firebase.projects.get","firebasehosting.sites.update"]
[debug] [2022-01-28T08:09:40.479Z] >>> HTTP REQUEST POST https://cloudresourcemanager.googleapis.com/v1/projects/react-firebase-60cd7:testIamPermissions  
 {"permissions":["firebase.projects.get","firebasehosting.sites.update"]}
[debug] [2022-01-28T08:09:42.047Z] <<< HTTP RESPONSE 200 {"content-type":"application/json; charset=UTF-8","vary":"X-Origin, Referer, Origin,Accept-Encoding","date":"Fri, 28 Jan 2022 08:09:37 GMT","server":"ESF","cache-control":"private","x-xss-protection":"0","x-frame-options":"SAMEORIGIN","x-content-type-options":"nosniff","server-timing":"gfet4t7; dur=709","alt-svc":"h3=\":443\"; ma=2592000,h3-29=\":443\"; ma=2592000,h3-Q050=\":443\"; ma=2592000,h3-Q046=\":443\"; ma=2592000,h3-Q043=\":443\"; ma=2592000,quic=\":443\"; ma=2592000; v=\"46,43\"","accept-ranges":"none","transfer-encoding":"chunked"}
[debug] [2022-01-28T08:09:42.050Z] > refreshing access token with scopes: []
[debug] [2022-01-28T08:09:42.051Z] >>> HTTP REQUEST POST https://www.googleapis.com/oauth2/v3/token  
 <request body omitted>
[debug] [2022-01-28T08:09:45.254Z] <<< HTTP RESPONSE 200 {"expires":"Mon, 01 Jan 1990 00:00:00 GMT","date":"Fri, 28 Jan 2022 08:09:40 GMT","cache-control":"no-cache, no-store, max-age=0, must-revalidate","pragma":"no-cache","content-type":"application/json; charset=utf-8","vary":"X-Origin, Referer, Origin,Accept-Encoding","server":"scaffolding on HTTPServer2","x-xss-protection":"0","x-frame-options":"SAMEORIGIN","x-content-type-options":"nosniff","alt-svc":"h3=\":443\"; ma=2592000,h3-29=\":443\"; ma=2592000,h3-Q050=\":443\"; ma=2592000,h3-Q046=\":443\"; ma=2592000,h3-Q043=\":443\"; ma=2592000,quic=\":443\"; ma=2592000; v=\"46,43\"","accept-ranges":"none","transfer-encoding":"chunked"}
[debug] [2022-01-28T08:09:45.332Z] >>> [apiv2][query] GET https://firebase.googleapis.com/v1beta1/projects/react-firebase-60cd7 [none]
[debug] [2022-01-28T08:09:46.329Z] <<< [apiv2][status] GET https://firebase.googleapis.com/v1beta1/projects/react-firebase-60cd7 200
[debug] [2022-01-28T08:09:46.330Z] <<< [apiv2][body] GET https://firebase.googleapis.com/v1beta1/projects/react-firebase-60cd7 {"projectId":"react-firebase-60cd7","projectNumber":"692198393311","displayName":"React-Firebase","name":"projects/react-firebase-60cd7","resources":{"hostingSite":"react-firebase-60cd7","storageBucket":"react-firebase-60cd7.appspot.com","locationId":"us-central"},"state":"ACTIVE"}
[info] 
[info] === Deploying to 'react-firebase-60cd7'...
[info] 
[info] i  deploying hosting 
[debug] [2022-01-28T08:09:46.340Z] > refreshing access token with scopes: ["email","https://www.googleapis.com/auth/cloud-platform","https://www.googleapis.com/auth/cloudplatformprojects.readonly","https://www.googleapis.com/auth/firebase","openid"]
[debug] [2022-01-28T08:09:46.341Z] >>> HTTP REQUEST POST https://www.googleapis.com/oauth2/v3/token  
 <request body omitted>
[debug] [2022-01-28T08:09:47.021Z] <<< HTTP RESPONSE 200 {"expires":"Mon, 01 Jan 1990 00:00:00 GMT","date":"Fri, 28 Jan 2022 08:09:42 GMT","pragma":"no-cache","cache-control":"no-cache, no-store, max-age=0, must-revalidate","content-type":"application/json; charset=utf-8","vary":"X-Origin, Referer, Origin,Accept-Encoding","server":"scaffolding on HTTPServer2","x-xss-protection":"0","x-frame-options":"SAMEORIGIN","x-content-type-options":"nosniff","alt-svc":"h3=\":443\"; ma=2592000,h3-29=\":443\"; ma=2592000,h3-Q050=\":443\"; ma=2592000,h3-Q046=\":443\"; ma=2592000,h3-Q043=\":443\"; ma=2592000,quic=\":443\"; ma=2592000; v=\"46,43\"","accept-ranges":"none","transfer-encoding":"chunked"}
[debug] [2022-01-28T08:09:47.147Z] >>> HTTP REQUEST POST https://firebasehosting.googleapis.com/v1beta1/sites/react-firebase-60cd7/versions  
 {"config":{"rewrites":[{"glob":"**","path":"/index.html"}]},"labels":{"deployment-tool":"cli-firebase"}}
[debug] [2022-01-28T08:09:49.192Z] <<< HTTP RESPONSE 200 {"content-type":"application/json; charset=UTF-8","vary":"X-Origin, Referer, Origin,Accept-Encoding","date":"Fri, 28 Jan 2022 08:09:44 GMT","server":"ESF","cache-control":"private","x-xss-protection":"0","x-frame-options":"SAMEORIGIN","x-content-type-options":"nosniff","alt-svc":"h3=\":443\"; ma=2592000,h3-29=\":443\"; ma=2592000,h3-Q050=\":443\"; ma=2592000,h3-Q046=\":443\"; ma=2592000,h3-Q043=\":443\"; ma=2592000,quic=\":443\"; ma=2592000; v=\"46,43\"","accept-ranges":"none","transfer-encoding":"chunked"}
[info] i  hosting[react-firebase-60cd7]: beginning deploy... 
[info] i  hosting[react-firebase-60cd7]: found 32 files in build 
[debug] [2022-01-28T08:09:49.223Z] > refreshing access token with scopes: []
[debug] [2022-01-28T08:09:49.224Z] >>> HTTP REQUEST POST https://www.googleapis.com/oauth2/v3/token  
 <request body omitted>
[debug] [2022-01-28T08:09:49.225Z] [hosting] hash cache [YnVpbGQ] stored for 32 files
[debug] [2022-01-28T08:09:49.226Z] [hosting][hash queue][FINAL] {"max":5,"min":1,"avg":1,"active":0,"complete":32,"success":32,"errored":0,"retried":0,"total":32,"elapsed":8}
[debug] [2022-01-28T08:09:50.087Z] <<< HTTP RESPONSE 200 {"pragma":"no-cache","expires":"Mon, 01 Jan 1990 00:00:00 GMT","cache-control":"no-cache, no-store, max-age=0, must-revalidate","date":"Fri, 28 Jan 2022 08:09:45 GMT","content-type":"application/json; charset=utf-8","vary":"X-Origin, Referer, Origin,Accept-Encoding","server":"scaffolding on HTTPServer2","x-xss-protection":"0","x-frame-options":"SAMEORIGIN","x-content-type-options":"nosniff","alt-svc":"h3=\":443\"; ma=2592000,h3-29=\":443\"; ma=2592000,h3-Q050=\":443\"; ma=2592000,h3-Q046=\":443\"; ma=2592000,h3-Q043=\":443\"; ma=2592000,quic=\":443\"; ma=2592000; v=\"46,43\"","accept-ranges":"none","transfer-encoding":"chunked"}
[debug] [2022-01-28T08:09:50.164Z] >>> [apiv2][query] POST https://firebasehosting.googleapis.com/v1beta1/sites/react-firebase-60cd7/versions/f1d3c7dfd7e198ec:populateFiles [none]
[debug] [2022-01-28T08:09:50.164Z] >>> [apiv2][body] POST https://firebasehosting.googleapis.com/v1beta1/sites/react-firebase-60cd7/versions/f1d3c7dfd7e198ec:populateFiles {"files":{"/asset-manifest.json":"9838b0c95c3b32789b2de8d3503377f7c5fb05c78d97beebcdcaf9174b9caf89","/favicon.ico":"eae62e993eb980ec8a25058c39d5a51feab118bd2100c4deebb2a9c158ec11f9","/index.html":"391cc6b43308235ab78d56da47e675042a51e4050d36b1dd69dcd3291e9914d3","/manifest.json":"5c997de1364b8be939319fa9209abd77f2caf7f8844999a9e2e9173f844e7840","/robots.txt":"b2090cf9761ef60aa06e4fab97679bd43dfa5e5df073701ead5879d7c68f1ec5","/static/css/4.10de81d5.chunk.css":"17f9a7914ff3381768aa57ca57e431d2b354af3b1d5086f779f8886633c25d28","/static/css/4.10de81d5.chunk.css.map":"637e4bb876310e922d488da631d7c22725c3afa6a5c12136b48dabb215de2203","/static/css/main.f1c71bae.chunk.css":"b46d310f826971413a3b32226960a2dd9e31ed4dc2eb58b2e5fdab6d0021badd","/static/css/main.f1c71bae.chunk.css.map":"d7a7fb2ef2914116e19f08dffc888664f435d9e2ddd089479ca1450105755030","/static/js/0.3f136761.chunk.js":"575ed52d72d6643f21e8e9e024c4a4d22dc784a6571a75f6d13b6be79e19d6d3","/static/js/0.3f136761.chunk.js.map":"84b0b4cdde60a53eb149451df214dea1914603ed8ca3a1c8544a37839bc28d68","/static/js/1.5490e3a4.chunk.js":"a619b3e598adcb406c1594c512848ff4cbbea7adc347d7373f21e428ae82ac30","/static/js/1.5490e3a4.chunk.js.map":"d11e9f8c8fba9785271b028d33f5e0e590f4a87808721b17175ee1c79b646a9f","/static/js/10.3a68f540.chunk.js":"882cdccd83d5904e364baaa9d6527cdbdfd76108bf09186912c075a0c0f44bff","/static/js/10.3a68f540.chunk.js.map":"3f6019013b411c47e2eddec362d2d96d89e6207cf3b2d0c451469dc4f969a024","/static/js/4.ee15e743.chunk.js":"ede866427f9e6671fec85eb23ccde0cdf141e12027e76d7d889cfd150cbef223","/static/js/4.ee15e743.chunk.js.LICENSE.txt":"2be9e84c7e972b70050ca5bfaf4e51d13c54c86321742587187a18cbda6c6a0f","/static/js/4.ee15e743.chunk.js.map":"f9491f4a42bd933b454c6c28fe331baa6727eeee4290ffc26732f234a46a833d","/static/js/5.096459e7.chunk.js":"f119feb0fcb9ad3b40e380feb52d435cb47704b317cf0d61a686c483b7034cf1","/static/js/5.096459e7.chunk.js.map":"028c2c918eb706c92435948db792fdabec33fcab503883dec1282a0aa5f64eab","/static/js/6.6456767b.chunk.js":"dd372737dc971024bc616e54ec94274ba6a7fd4bd88e064037b4e8bc8dbd8d32","/static/js/6.6456767b.chunk.js.map":"d85e2d6dc1754feb256991dc218bc4581af7a1cc589e2df738c96a0daf2035e0","/static/js/7.9d3985f5.chunk.js":"8bf8bac931119189aa0eceb5726b27c79da9c31fb505e86e5e4a5c3934c421fe","/static/js/7.9d3985f5.chunk.js.map":"b72852a993248cb518739019c8f1c62022f63e2ffe95f1ea5e9729d02bb623ea","/static/js/8.37682981.chunk.js":"a518e00f668a6634d52fe2e7db5af455909b675da9d67e12b10eebad6b1f4458","/static/js/8.37682981.chunk.js.map":"826a4d3a0ea9fbd5b5fbfb6a7ed3e378d8c6836c25a893af5a2fdc107ad8cce5","/static/js/9.c642546d.chunk.js":"ccd2e146ef4a2255ebd456b0eb6f7b409ff837f4f778a4c639880ac27e7b29a0","/static/js/9.c642546d.chunk.js.map":"3adf2e450eeacf47276399d07883b52dd4f40d2b09181bec9681d45591025cac","/static/js/main.8b3b52b8.chunk.js":"6e1dbf5648a7aa180681869f1cdde00acb908fcbc9b7f4c0b10b2f43fb9133cc","/static/js/main.8b3b52b8.chunk.js.map":"7efbeedef0726bca0e0e14c9715052a2a02bde4efd145c271bc977addaf51d50","/static/js/runtime-main.f441f86b.js":"808c0c10f748fbc306305e5bbad7b526e92e72b17161bf6205b9d49a7c330084","/static/js/runtime-main.f441f86b.js.map":"c74adda1c4036e434b6ca445ce11ff096f1da99e82409fbc5c026b1c18dcc001"}}
